<?xml version="1.0" encoding="UTF-8"?>
<testsuite name="server.BlocksTrainingExampleTest" tests="1" skipped="0" failures="0" errors="0" timestamp="2017-05-09T08:24:24" hostname="ftm13-X550LB" time="0.0">
  <properties/>
  <testcase name="generateContext" classname="server.BlocksTrainingExampleTest" time="0.0"/>
  <system-out><![CDATA[#pos({}, {}, {
holdsAt(on(b1, s1), 1).
holdsAt(on(b2, b1), 1).
holdsAt(block_col(b1, red), 1).
holdsAt(block_col(b2, black), 1).
happensAt(remove_col(red), 1).
goalState(on(b1, s1)).
goalState(on(b2, b1)).
goalState(block_col(b1, red)).
goalState(block_col(b2, black)).
}).

]]></system-out>
  <system-err><![CDATA[]]></system-err>
</testsuite>
