<?xml version="1.0" encoding="UTF-8"?>
<testsuite name="asp.ClingoParserTest" tests="2" skipped="0" failures="0" errors="0" timestamp="2017-05-09T08:24:20" hostname="ftm13-X550LB" time="0.001">
  <properties/>
  <testcase name="testParsePredicate" classname="asp.ClingoParserTest" time="0.0"/>
  <testcase name="testSplitPredArgs" classname="asp.ClingoParserTest" time="0.0"/>
  <system-out><![CDATA[]]></system-out>
  <system-err><![CDATA[]]></system-err>
</testsuite>
