<?xml version="1.0" encoding="UTF-8"?>
<testsuite name="asp.ILASPLearnerTest" tests="1" skipped="0" failures="0" errors="0" timestamp="2017-04-28T16:20:43" hostname="ftm13-X550LB" time="2.31">
  <properties/>
  <testcase name="testRemoveCol" classname="asp.ILASPLearnerTest" time="2.31"/>
  <system-out><![CDATA[]]></system-out>
  <system-err><![CDATA[]]></system-err>
</testsuite>
