<?xml version="1.0" encoding="UTF-8"?>
<testsuite name="asp.ClingoParserTest" tests="2" skipped="0" failures="0" errors="0" timestamp="2017-04-28T16:20:45" hostname="ftm13-X550LB" time="0.002">
  <properties/>
  <testcase name="testParsePredicate" classname="asp.ClingoParserTest" time="0.001"/>
  <testcase name="testSplitPredArgs" classname="asp.ClingoParserTest" time="0.0"/>
  <system-out><![CDATA[holdsAt(on(b1,b2),2)
holdsAt
on(b1,b2),2
The args are[on(b1,b2), 2]
on(b1,b2)
on
b1,b2
The args are[b1, b2]
b1
Found a literal b1
b2
Found a literal b2
2
Found a literal 2
The args are[arg1]
The args are[arg1, arg2]
The args are[on(b1,b2), t]
]]></system-out>
  <system-err><![CDATA[]]></system-err>
</testsuite>
