<?xml version="1.0" encoding="UTF-8"?>
<testsuite name="asp.GameStateBuilderTest" tests="4" skipped="0" failures="0" errors="0" timestamp="2017-05-09T08:24:20" hostname="ftm13-X550LB" time="0.011">
  <properties/>
  <testcase name="testEmptyStack" classname="asp.GameStateBuilderTest" time="0.0"/>
  <testcase name="testBuildTime" classname="asp.GameStateBuilderTest" time="0.008"/>
  <testcase name="testBuildSimple" classname="asp.GameStateBuilderTest" time="0.0"/>
  <testcase name="testBuildScenario1" classname="asp.GameStateBuilderTest" time="0.001"/>
  <system-out><![CDATA[]]></system-out>
  <system-err><![CDATA[]]></system-err>
</testsuite>
