<?xml version="1.0" encoding="UTF-8"?>
<testsuite name="asp.GameStateBuilderTest" tests="4" skipped="0" failures="0" errors="0" timestamp="2017-04-28T16:20:45" hostname="ftm13-X550LB" time="0.026">
  <properties/>
  <testcase name="testEmptyStack" classname="asp.GameStateBuilderTest" time="0.0"/>
  <testcase name="testBuildTime" classname="asp.GameStateBuilderTest" time="0.018"/>
  <testcase name="testBuildSimple" classname="asp.GameStateBuilderTest" time="0.002"/>
  <testcase name="testBuildScenario1" classname="asp.GameStateBuilderTest" time="0.004"/>
  <system-out><![CDATA[holdsAt(on(b1,s1),1)
holdsAt
on(b1,s1),1
The args are[on(b1,s1), 1]
on(b1,s1)
on
b1,s1
The args are[b1, s1]
b1
Found a literal b1
s1
Found a literal s1
1
Found a literal 1
holdsAt(on(b2,s2),1)
holdsAt
on(b2,s2),1
The args are[on(b2,s2), 1]
on(b2,s2)
on
b2,s2
The args are[b2, s2]
b2
Found a literal b2
s2
Found a literal s2
1
Found a literal 1
holdsAt(block_col(b1,red),1)
holdsAt
block_col(b1,red),1
The args are[block_col(b1,red), 1]
block_col(b1,red)
block_col
b1,red
The args are[b1, red]
b1
Found a literal b1
red
Found a literal red
1
Found a literal 1
holdsAt(block_col(b2,yellow),1)
holdsAt
block_col(b2,yellow),1
The args are[block_col(b2,yellow), 1]
block_col(b2,yellow)
block_col
b2,yellow
The args are[b2, yellow]
b2
Found a literal b2
yellow
Found a literal yellow
1
Found a literal 1
holdsAt(on(b1,s1),2)
holdsAt
on(b1,s1),2
The args are[on(b1,s1), 2]
on(b1,s1)
on
b1,s1
The args are[b1, s1]
b1
Found a literal b1
s1
Found a literal s1
2
Found a literal 2
holdsAt(on(b2,s2),2)
holdsAt
on(b2,s2),2
The args are[on(b2,s2), 2]
on(b2,s2)
on
b2,s2
The args are[b2, s2]
b2
Found a literal b2
s2
Found a literal s2
2
Found a literal 2
holdsAt(block_col(b1,brown),2)
holdsAt
block_col(b1,brown),2
The args are[block_col(b1,brown), 2]
block_col(b1,brown)
block_col
b1,brown
The args are[b1, brown]
b1
Found a literal b1
brown
Found a literal brown
2
Found a literal 2
holdsAt(block_col(b2,orange),2)
holdsAt
block_col(b2,orange),2
The args are[block_col(b2,orange), 2]
block_col(b2,orange)
block_col
b2,orange
The args are[b2, orange]
b2
Found a literal b2
orange
Found a literal orange
2
Found a literal 2
holdsAt(on(b1,s1),1)
holdsAt
on(b1,s1),1
The args are[on(b1,s1), 1]
on(b1,s1)
on
b1,s1
The args are[b1, s1]
b1
Found a literal b1
s1
Found a literal s1
1
Found a literal 1
holdsAt(on(b2,s2),1)
holdsAt
on(b2,s2),1
The args are[on(b2,s2), 1]
on(b2,s2)
on
b2,s2
The args are[b2, s2]
b2
Found a literal b2
s2
Found a literal s2
1
Found a literal 1
holdsAt(block_col(b1,red),1)
holdsAt
block_col(b1,red),1
The args are[block_col(b1,red), 1]
block_col(b1,red)
block_col
b1,red
The args are[b1, red]
b1
Found a literal b1
red
Found a literal red
1
Found a literal 1
holdsAt(block_col(b2,yellow),1)
holdsAt
block_col(b2,yellow),1
The args are[block_col(b2,yellow), 1]
block_col(b2,yellow)
block_col
b2,yellow
The args are[b2, yellow]
b2
Found a literal b2
yellow
Found a literal yellow
1
Found a literal 1
holdsAt(on(b1,s1),1)
holdsAt
on(b1,s1),1
The args are[on(b1,s1), 1]
on(b1,s1)
on
b1,s1
The args are[b1, s1]
b1
Found a literal b1
s1
Found a literal s1
1
Found a literal 1
holdsAt(on(b2,b1),1)
holdsAt
on(b2,b1),1
The args are[on(b2,b1), 1]
on(b2,b1)
on
b2,b1
The args are[b2, b1]
b2
Found a literal b2
b1
Found a literal b1
1
Found a literal 1
holdsAt(on(b3,b2),1)
holdsAt
on(b3,b2),1
The args are[on(b3,b2), 1]
on(b3,b2)
on
b3,b2
The args are[b3, b2]
b3
Found a literal b3
b2
Found a literal b2
1
Found a literal 1
holdsAt(on(b4,s2),1)
holdsAt
on(b4,s2),1
The args are[on(b4,s2), 1]
on(b4,s2)
on
b4,s2
The args are[b4, s2]
b4
Found a literal b4
s2
Found a literal s2
1
Found a literal 1
holdsAt(block_col(b1,brown),1)
holdsAt
block_col(b1,brown),1
The args are[block_col(b1,brown), 1]
block_col(b1,brown)
block_col
b1,brown
The args are[b1, brown]
b1
Found a literal b1
brown
Found a literal brown
1
Found a literal 1
holdsAt(block_col(b2,orange),1)
holdsAt
block_col(b2,orange),1
The args are[block_col(b2,orange), 1]
block_col(b2,orange)
block_col
b2,orange
The args are[b2, orange]
b2
Found a literal b2
orange
Found a literal orange
1
Found a literal 1
holdsAt(block_col(b3,red),1)
holdsAt
block_col(b3,red),1
The args are[block_col(b3,red), 1]
block_col(b3,red)
block_col
b3,red
The args are[b3, red]
b3
Found a literal b3
red
Found a literal red
1
Found a literal 1
holdsAt(block_col(b4,yellow),1)
holdsAt
block_col(b4,yellow),1
The args are[block_col(b4,yellow), 1]
block_col(b4,yellow)
block_col
b4,yellow
The args are[b4, yellow]
b4
Found a literal b4
yellow
Found a literal yellow
1
Found a literal 1
]]></system-out>
  <system-err><![CDATA[]]></system-err>
</testsuite>
