<?xml version="1.0" encoding="UTF-8"?>
<testsuite name="server.BlocksLearningControllerTest" tests="1" skipped="0" failures="0" errors="0" timestamp="2017-05-09T08:24:24" hostname="ftm13-X550LB" time="0.181">
  <properties/>
  <testcase name="testIndex" classname="server.BlocksLearningControllerTest" time="0.181"/>
  <system-out><![CDATA[09:24:20.176 [Test worker] DEBUG org.springframework.test.context.junit4.SpringJUnit4ClassRunner - SpringJUnit4ClassRunner constructor called with [class server.BlocksLearningControllerTest]
09:24:20.182 [Test worker] DEBUG org.springframework.test.context.BootstrapUtils - Instantiating CacheAwareContextLoaderDelegate from class [org.springframework.test.context.cache.DefaultCacheAwareContextLoaderDelegate]
09:24:20.188 [Test worker] DEBUG org.springframework.test.context.BootstrapUtils - Instantiating BootstrapContext using constructor [public org.springframework.test.context.support.DefaultBootstrapContext(java.lang.Class,org.springframework.test.context.CacheAwareContextLoaderDelegate)]
09:24:20.213 [Test worker] DEBUG org.springframework.test.context.BootstrapUtils - Instantiating TestContextBootstrapper for test class [server.BlocksLearningControllerTest] from class [org.springframework.boot.test.context.SpringBootTestContextBootstrapper]
09:24:20.226 [Test worker] INFO org.springframework.boot.test.context.SpringBootTestContextBootstrapper - Neither @ContextConfiguration nor @ContextHierarchy found for test class [server.BlocksLearningControllerTest], using SpringBootContextLoader
09:24:20.229 [Test worker] DEBUG org.springframework.test.context.support.AbstractContextLoader - Did not detect default resource location for test class [server.BlocksLearningControllerTest]: class path resource [server/BlocksLearningControllerTest-context.xml] does not exist
09:24:20.230 [Test worker] DEBUG org.springframework.test.context.support.AbstractContextLoader - Did not detect default resource location for test class [server.BlocksLearningControllerTest]: class path resource [server/BlocksLearningControllerTestContext.groovy] does not exist
09:24:20.230 [Test worker] INFO org.springframework.test.context.support.AbstractContextLoader - Could not detect default resource locations for test class [server.BlocksLearningControllerTest]: no resource found for suffixes {-context.xml, Context.groovy}.
09:24:20.231 [Test worker] INFO org.springframework.test.context.support.AnnotationConfigContextLoaderUtils - Could not detect default configuration classes for test class [server.BlocksLearningControllerTest]: BlocksLearningControllerTest does not declare any static, non-private, non-final, nested classes annotated with @Configuration.
09:24:20.282 [Test worker] DEBUG org.springframework.test.context.support.ActiveProfilesUtils - Could not find an 'annotation declaring class' for annotation type [org.springframework.test.context.ActiveProfiles] and class [server.BlocksLearningControllerTest]
09:24:20.287 [Test worker] DEBUG org.springframework.core.env.StandardEnvironment - Adding [systemProperties] PropertySource with lowest search precedence
09:24:20.287 [Test worker] DEBUG org.springframework.core.env.StandardEnvironment - Adding [systemEnvironment] PropertySource with lowest search precedence
09:24:20.288 [Test worker] DEBUG org.springframework.core.env.StandardEnvironment - Initialized StandardEnvironment with PropertySources [systemProperties,systemEnvironment]
09:24:20.295 [Test worker] DEBUG org.springframework.core.io.support.PathMatchingResourcePatternResolver - Resolved classpath location [server/] to resources [URL [file:/home/ftm13/masters/initial/build/classes/test/server/], URL [file:/home/ftm13/masters/initial/build/classes/main/server/]]
09:24:20.295 [Test worker] DEBUG org.springframework.core.io.support.PathMatchingResourcePatternResolver - Looking for matching resources in directory tree [/home/ftm13/masters/initial/build/classes/test/server]
09:24:20.295 [Test worker] DEBUG org.springframework.core.io.support.PathMatchingResourcePatternResolver - Searching directory [/home/ftm13/masters/initial/build/classes/test/server] for files matching pattern [/home/ftm13/masters/initial/build/classes/test/server/*.class]
09:24:20.298 [Test worker] DEBUG org.springframework.core.io.support.PathMatchingResourcePatternResolver - Looking for matching resources in directory tree [/home/ftm13/masters/initial/build/classes/main/server]
09:24:20.298 [Test worker] DEBUG org.springframework.core.io.support.PathMatchingResourcePatternResolver - Searching directory [/home/ftm13/masters/initial/build/classes/main/server] for files matching pattern [/home/ftm13/masters/initial/build/classes/main/server/*.class]
09:24:20.299 [Test worker] DEBUG org.springframework.core.io.support.PathMatchingResourcePatternResolver - Resolved location pattern [classpath*:server/*.class] to resources [file [/home/ftm13/masters/initial/build/classes/test/server/BlocksLearningControllerTest.class], file [/home/ftm13/masters/initial/build/classes/test/server/BlocksTrainingExampleTest.class], file [/home/ftm13/masters/initial/build/classes/main/server/Application.class], file [/home/ftm13/masters/initial/build/classes/main/server/BlocksLearningController.class], file [/home/ftm13/masters/initial/build/classes/main/server/Search.class]]
09:24:20.339 [Test worker] DEBUG org.springframework.context.annotation.ClassPathScanningCandidateComponentProvider - Identified candidate component class: file [/home/ftm13/masters/initial/build/classes/main/server/Application.class]
09:24:20.349 [Test worker] INFO org.springframework.boot.test.context.SpringBootTestContextBootstrapper - Found @SpringBootConfiguration server.Application for test class server.BlocksLearningControllerTest
09:24:20.353 [Test worker] DEBUG org.springframework.boot.test.context.SpringBootTestContextBootstrapper - @TestExecutionListeners is not present for class [server.BlocksLearningControllerTest]: using defaults.
09:24:20.357 [Test worker] INFO org.springframework.boot.test.context.SpringBootTestContextBootstrapper - Loaded default TestExecutionListener class names from location [META-INF/spring.factories]: [org.springframework.boot.test.mock.mockito.MockitoTestExecutionListener, org.springframework.boot.test.mock.mockito.ResetMocksTestExecutionListener, org.springframework.boot.test.autoconfigure.restdocs.RestDocsTestExecutionListener, org.springframework.boot.test.autoconfigure.web.client.MockRestServiceServerResetTestExecutionListener, org.springframework.boot.test.autoconfigure.web.servlet.MockMvcPrintOnlyOnFailureTestExecutionListener, org.springframework.boot.test.autoconfigure.web.servlet.WebDriverTestExecutionListener, org.springframework.test.context.web.ServletTestExecutionListener, org.springframework.test.context.support.DirtiesContextBeforeModesTestExecutionListener, org.springframework.test.context.support.DependencyInjectionTestExecutionListener, org.springframework.test.context.support.DirtiesContextTestExecutionListener, org.springframework.test.context.transaction.TransactionalTestExecutionListener, org.springframework.test.context.jdbc.SqlScriptsTestExecutionListener]
09:24:20.367 [Test worker] INFO org.springframework.boot.test.context.SpringBootTestContextBootstrapper - Could not instantiate TestExecutionListener [org.springframework.test.context.transaction.TransactionalTestExecutionListener]. Specify custom listener classes or make the default listener classes (and their required dependencies) available. Offending class: [org/springframework/transaction/TransactionDefinition]
09:24:20.368 [Test worker] INFO org.springframework.boot.test.context.SpringBootTestContextBootstrapper - Could not instantiate TestExecutionListener [org.springframework.test.context.jdbc.SqlScriptsTestExecutionListener]. Specify custom listener classes or make the default listener classes (and their required dependencies) available. Offending class: [org/springframework/transaction/interceptor/TransactionAttribute]
09:24:20.369 [Test worker] INFO org.springframework.boot.test.context.SpringBootTestContextBootstrapper - Using TestExecutionListeners: [org.springframework.test.context.web.ServletTestExecutionListener@718f4c7c, org.springframework.test.context.support.DirtiesContextBeforeModesTestExecutionListener@3888a258, org.springframework.boot.test.autoconfigure.SpringBootDependencyInjectionTestExecutionListener@558bf83d, org.springframework.test.context.support.DirtiesContextTestExecutionListener@35b0bb47, org.springframework.boot.test.mock.mockito.ResetMocksTestExecutionListener@3e57ed21, org.springframework.boot.test.autoconfigure.web.servlet.MockMvcPrintOnlyOnFailureTestExecutionListener@433002d1, org.springframework.boot.test.autoconfigure.restdocs.RestDocsTestExecutionListener@49f0509a, org.springframework.boot.test.autoconfigure.web.servlet.WebDriverTestExecutionListener@79aaa060, org.springframework.boot.test.mock.mockito.MockitoTestExecutionListener@78956491, org.springframework.boot.test.autoconfigure.web.client.MockRestServiceServerResetTestExecutionListener@3b70d7d8]
09:24:20.371 [Test worker] DEBUG org.springframework.test.annotation.ProfileValueUtils - Retrieved @ProfileValueSourceConfiguration [null] for test class [server.BlocksLearningControllerTest]
09:24:20.372 [Test worker] DEBUG org.springframework.test.annotation.ProfileValueUtils - Retrieved ProfileValueSource type [class org.springframework.test.annotation.SystemProfileValueSource] for class [server.BlocksLearningControllerTest]
09:24:20.373 [Test worker] DEBUG org.springframework.test.annotation.ProfileValueUtils - Retrieved @ProfileValueSourceConfiguration [null] for test class [server.BlocksLearningControllerTest]
09:24:20.373 [Test worker] DEBUG org.springframework.test.annotation.ProfileValueUtils - Retrieved ProfileValueSource type [class org.springframework.test.annotation.SystemProfileValueSource] for class [server.BlocksLearningControllerTest]
09:24:20.376 [Test worker] DEBUG org.springframework.test.context.support.AbstractDirtiesContextTestExecutionListener - Before test class: context [DefaultTestContext@36d54d9c testClass = BlocksLearningControllerTest, testInstance = [null], testMethod = [null], testException = [null], mergedContextConfiguration = [WebMergedContextConfiguration@7c0ac5e1 testClass = BlocksLearningControllerTest, locations = '{}', classes = '{class server.Application}', contextInitializerClasses = '[]', activeProfiles = '{}', propertySourceLocations = '{}', propertySourceProperties = '{org.springframework.boot.test.context.SpringBootTestContextBootstrapper=true}', contextCustomizers = set[[ImportsContextCustomizer@55c11f3e key = [Package Import server, org.springframework.boot.test.autoconfigure.web.servlet.MockMvcAutoConfiguration, org.springframework.boot.test.autoconfigure.web.servlet.MockMvcSecurityAutoConfiguration, org.springframework.boot.test.autoconfigure.web.servlet.MockMvcWebClientAutoConfiguration, org.springframework.boot.test.autoconfigure.web.servlet.MockMvcWebDriverAutoConfiguration]], org.springframework.boot.test.context.SpringBootTestContextCustomizer@7031065f, org.springframework.boot.test.context.filter.ExcludeFilterContextCustomizer@4f47a5fc, org.springframework.boot.test.mock.mockito.MockitoContextCustomizer@0, org.springframework.boot.test.autoconfigure.properties.PropertyMappingContextCustomizer@e7e8512, org.springframework.boot.test.autoconfigure.web.servlet.WebDriverContextCustomizerFactory$Customizer@6e35f10], resourceBasePath = 'src/main/webapp', contextLoader = 'org.springframework.boot.test.context.SpringBootContextLoader', parent = [null]]], class annotated with @DirtiesContext [false] with mode [null].
09:24:20.376 [Test worker] DEBUG org.springframework.test.annotation.ProfileValueUtils - Retrieved @ProfileValueSourceConfiguration [null] for test class [server.BlocksLearningControllerTest]
09:24:20.377 [Test worker] DEBUG org.springframework.test.annotation.ProfileValueUtils - Retrieved ProfileValueSource type [class org.springframework.test.annotation.SystemProfileValueSource] for class [server.BlocksLearningControllerTest]
09:24:20.434 [Test worker] DEBUG org.springframework.core.env.StandardEnvironment - Adding [systemProperties] PropertySource with lowest search precedence
09:24:20.434 [Test worker] DEBUG org.springframework.core.env.StandardEnvironment - Adding [systemEnvironment] PropertySource with lowest search precedence
09:24:20.434 [Test worker] DEBUG org.springframework.core.env.StandardEnvironment - Initialized StandardEnvironment with PropertySources [systemProperties,systemEnvironment]
09:24:20.437 [Test worker] DEBUG org.springframework.core.env.MutablePropertySources - Adding [inline] PropertySource with highest search precedence
09:24:20.442 [Test worker] DEBUG org.springframework.test.context.support.TestPropertySourceUtils - Adding inlined properties to environment: {spring.jmx.enabled=false, org.springframework.boot.test.context.SpringBootTestContextBootstrapper=true, server.port=-1}
09:24:20.442 [Test worker] DEBUG org.springframework.core.env.StandardEnvironment - Adding [Inlined Test Properties] PropertySource with highest search precedence

  .   ____          _            __ _ _
 /\\ / ___'_ __ _ _(_)_ __  __ _ \ \ \ \
( ( )\___ | '_ | '_| | '_ \/ _` | \ \ \ \
 \\/  ___)| |_)| | | | | || (_| |  ) ) ) )
  '  |____| .__|_| |_|_| |_\__, | / / / /
 =========|_|==============|___/=/_/_/_/
 :: Spring Boot ::        (v1.5.3.RELEASE)

2017-05-09 09:24:20.739  INFO 11744 --- [    Test worker] server.BlocksLearningControllerTest      : Starting BlocksLearningControllerTest on ftm13-X550LB with PID 11744 (started by ftm13 in /home/ftm13/masters/initial)
2017-05-09 09:24:20.740  INFO 11744 --- [    Test worker] server.BlocksLearningControllerTest      : No active profile set, falling back to default profiles: default
2017-05-09 09:24:20.951  INFO 11744 --- [    Test worker] o.s.w.c.s.GenericWebApplicationContext   : Refreshing org.springframework.web.context.support.GenericWebApplicationContext@74410e8d: startup date [Tue May 09 09:24:20 BST 2017]; root of context hierarchy
2017-05-09 09:24:22.628  INFO 11744 --- [    Test worker] o.s.b.t.m.w.SpringBootMockServletContext : Initializing Spring FrameworkServlet ''
2017-05-09 09:24:22.628  INFO 11744 --- [    Test worker] o.s.t.web.servlet.TestDispatcherServlet  : FrameworkServlet '': initialization started
2017-05-09 09:24:22.904  INFO 11744 --- [    Test worker] s.w.s.m.m.a.RequestMappingHandlerMapping : Mapped "{[/cool]}" onto public java.lang.String server.BlocksLearningController.cool()
2017-05-09 09:24:22.905  INFO 11744 --- [    Test worker] s.w.s.m.m.a.RequestMappingHandlerMapping : Mapped "{[/add-training-example],methods=[POST]}" onto public boolean server.BlocksLearningController.addTrainigExample(asp.BlocksTrainingExample)
2017-05-09 09:24:22.906  INFO 11744 --- [    Test worker] s.w.s.m.m.a.RequestMappingHandlerMapping : Mapped "{[/test-curr-hyp],methods=[POST]}" onto public java.util.List<java.util.List<java.lang.Integer>> server.BlocksLearningController.testCurrentHypothesis(asp.Scenario)
2017-05-09 09:24:22.906  INFO 11744 --- [    Test worker] s.w.s.m.m.a.RequestMappingHandlerMapping : Mapped "{[/perform-learning],methods=[GET]}" onto public java.lang.String server.BlocksLearningController.performLearning(java.lang.String)
2017-05-09 09:24:22.907  INFO 11744 --- [    Test worker] s.w.s.m.m.a.RequestMappingHandlerMapping : Mapped "{[/greeting2],methods=[GET]}" onto public java.lang.String server.BlocksLearningController.square(java.lang.String)
2017-05-09 09:24:22.907  INFO 11744 --- [    Test worker] s.w.s.m.m.a.RequestMappingHandlerMapping : Mapped "{[/greeting]}" onto public java.lang.String server.BlocksLearningController.index()
2017-05-09 09:24:22.910  INFO 11744 --- [    Test worker] s.w.s.m.m.a.RequestMappingHandlerMapping : Mapped "{[/error],produces=[text/html]}" onto public org.springframework.web.servlet.ModelAndView org.springframework.boot.autoconfigure.web.BasicErrorController.errorHtml(javax.servlet.http.HttpServletRequest,javax.servlet.http.HttpServletResponse)
2017-05-09 09:24:22.911  INFO 11744 --- [    Test worker] s.w.s.m.m.a.RequestMappingHandlerMapping : Mapped "{[/error]}" onto public org.springframework.http.ResponseEntity<java.util.Map<java.lang.String, java.lang.Object>> org.springframework.boot.autoconfigure.web.BasicErrorController.error(javax.servlet.http.HttpServletRequest)
2017-05-09 09:24:22.942  INFO 11744 --- [    Test worker] o.s.w.s.handler.SimpleUrlHandlerMapping  : Mapped URL path [/webjars/**] onto handler of type [class org.springframework.web.servlet.resource.ResourceHttpRequestHandler]
2017-05-09 09:24:22.942  INFO 11744 --- [    Test worker] o.s.w.s.handler.SimpleUrlHandlerMapping  : Mapped URL path [/**] onto handler of type [class org.springframework.web.servlet.resource.ResourceHttpRequestHandler]
2017-05-09 09:24:22.958  INFO 11744 --- [    Test worker] o.s.w.s.handler.SimpleUrlHandlerMapping  : Mapped URL path [/**/favicon.ico] onto handler of type [class org.springframework.web.servlet.resource.ResourceHttpRequestHandler]
2017-05-09 09:24:22.972  INFO 11744 --- [    Test worker] oConfiguration$WelcomePageHandlerMapping : Adding welcome page: ServletContext resource [/index.html]
2017-05-09 09:24:23.234  INFO 11744 --- [    Test worker] o.s.b.a.e.mvc.EndpointHandlerMapping     : Mapped "{[/metrics/{name:.*}],methods=[GET],produces=[application/vnd.spring-boot.actuator.v1+json || application/json]}" onto public java.lang.Object org.springframework.boot.actuate.endpoint.mvc.MetricsMvcEndpoint.value(java.lang.String)
2017-05-09 09:24:23.234  INFO 11744 --- [    Test worker] o.s.b.a.e.mvc.EndpointHandlerMapping     : Mapped "{[/metrics || /metrics.json],methods=[GET],produces=[application/vnd.spring-boot.actuator.v1+json || application/json]}" onto public java.lang.Object org.springframework.boot.actuate.endpoint.mvc.EndpointMvcAdapter.invoke()
2017-05-09 09:24:23.239  INFO 11744 --- [    Test worker] o.s.b.a.e.mvc.EndpointHandlerMapping     : Mapped "{[/mappings || /mappings.json],methods=[GET],produces=[application/vnd.spring-boot.actuator.v1+json || application/json]}" onto public java.lang.Object org.springframework.boot.actuate.endpoint.mvc.EndpointMvcAdapter.invoke()
2017-05-09 09:24:23.242  INFO 11744 --- [    Test worker] o.s.b.a.e.mvc.EndpointHandlerMapping     : Mapped "{[/configprops || /configprops.json],methods=[GET],produces=[application/vnd.spring-boot.actuator.v1+json || application/json]}" onto public java.lang.Object org.springframework.boot.actuate.endpoint.mvc.EndpointMvcAdapter.invoke()
2017-05-09 09:24:23.243  INFO 11744 --- [    Test worker] o.s.b.a.e.mvc.EndpointHandlerMapping     : Mapped "{[/info || /info.json],methods=[GET],produces=[application/vnd.spring-boot.actuator.v1+json || application/json]}" onto public java.lang.Object org.springframework.boot.actuate.endpoint.mvc.EndpointMvcAdapter.invoke()
2017-05-09 09:24:23.247  INFO 11744 --- [    Test worker] o.s.b.a.e.mvc.EndpointHandlerMapping     : Mapped "{[/env/{name:.*}],methods=[GET],produces=[application/vnd.spring-boot.actuator.v1+json || application/json]}" onto public java.lang.Object org.springframework.boot.actuate.endpoint.mvc.EnvironmentMvcEndpoint.value(java.lang.String)
2017-05-09 09:24:23.248  INFO 11744 --- [    Test worker] o.s.b.a.e.mvc.EndpointHandlerMapping     : Mapped "{[/env || /env.json],methods=[GET],produces=[application/vnd.spring-boot.actuator.v1+json || application/json]}" onto public java.lang.Object org.springframework.boot.actuate.endpoint.mvc.EndpointMvcAdapter.invoke()
2017-05-09 09:24:23.255  INFO 11744 --- [    Test worker] o.s.b.a.e.mvc.EndpointHandlerMapping     : Mapped "{[/loggers/{name:.*}],methods=[GET],produces=[application/vnd.spring-boot.actuator.v1+json || application/json]}" onto public java.lang.Object org.springframework.boot.actuate.endpoint.mvc.LoggersMvcEndpoint.get(java.lang.String)
2017-05-09 09:24:23.269  INFO 11744 --- [    Test worker] o.s.b.a.e.mvc.EndpointHandlerMapping     : Mapped "{[/loggers/{name:.*}],methods=[POST],consumes=[application/vnd.spring-boot.actuator.v1+json || application/json],produces=[application/vnd.spring-boot.actuator.v1+json || application/json]}" onto public java.lang.Object org.springframework.boot.actuate.endpoint.mvc.LoggersMvcEndpoint.set(java.lang.String,java.util.Map<java.lang.String, java.lang.String>)
2017-05-09 09:24:23.270  INFO 11744 --- [    Test worker] o.s.b.a.e.mvc.EndpointHandlerMapping     : Mapped "{[/loggers || /loggers.json],methods=[GET],produces=[application/vnd.spring-boot.actuator.v1+json || application/json]}" onto public java.lang.Object org.springframework.boot.actuate.endpoint.mvc.EndpointMvcAdapter.invoke()
2017-05-09 09:24:23.272  INFO 11744 --- [    Test worker] o.s.b.a.e.mvc.EndpointHandlerMapping     : Mapped "{[/trace || /trace.json],methods=[GET],produces=[application/vnd.spring-boot.actuator.v1+json || application/json]}" onto public java.lang.Object org.springframework.boot.actuate.endpoint.mvc.EndpointMvcAdapter.invoke()
2017-05-09 09:24:23.274  INFO 11744 --- [    Test worker] o.s.b.a.e.mvc.EndpointHandlerMapping     : Mapped "{[/health || /health.json],methods=[GET],produces=[application/vnd.spring-boot.actuator.v1+json || application/json]}" onto public java.lang.Object org.springframework.boot.actuate.endpoint.mvc.HealthMvcEndpoint.invoke(javax.servlet.http.HttpServletRequest,java.security.Principal)
2017-05-09 09:24:23.276  INFO 11744 --- [    Test worker] o.s.b.a.e.mvc.EndpointHandlerMapping     : Mapped "{[/beans || /beans.json],methods=[GET],produces=[application/vnd.spring-boot.actuator.v1+json || application/json]}" onto public java.lang.Object org.springframework.boot.actuate.endpoint.mvc.EndpointMvcAdapter.invoke()
2017-05-09 09:24:23.278  INFO 11744 --- [    Test worker] o.s.b.a.e.mvc.EndpointHandlerMapping     : Mapped "{[/heapdump || /heapdump.json],methods=[GET],produces=[application/octet-stream]}" onto public void org.springframework.boot.actuate.endpoint.mvc.HeapdumpMvcEndpoint.invoke(boolean,javax.servlet.http.HttpServletRequest,javax.servlet.http.HttpServletResponse) throws java.io.IOException,javax.servlet.ServletException
2017-05-09 09:24:23.279  INFO 11744 --- [    Test worker] o.s.b.a.e.mvc.EndpointHandlerMapping     : Mapped "{[/autoconfig || /autoconfig.json],methods=[GET],produces=[application/vnd.spring-boot.actuator.v1+json || application/json]}" onto public java.lang.Object org.springframework.boot.actuate.endpoint.mvc.EndpointMvcAdapter.invoke()
2017-05-09 09:24:23.280  INFO 11744 --- [    Test worker] o.s.b.a.e.mvc.EndpointHandlerMapping     : Mapped "{[/auditevents || /auditevents.json],methods=[GET],produces=[application/vnd.spring-boot.actuator.v1+json || application/json]}" onto public org.springframework.http.ResponseEntity<?> org.springframework.boot.actuate.endpoint.mvc.AuditEventsMvcEndpoint.findByPrincipalAndAfterAndType(java.lang.String,java.util.Date,java.lang.String)
2017-05-09 09:24:23.282  INFO 11744 --- [    Test worker] o.s.b.a.e.mvc.EndpointHandlerMapping     : Mapped "{[/dump || /dump.json],methods=[GET],produces=[application/vnd.spring-boot.actuator.v1+json || application/json]}" onto public java.lang.Object org.springframework.boot.actuate.endpoint.mvc.EndpointMvcAdapter.invoke()
2017-05-09 09:24:23.312  INFO 11744 --- [    Test worker] s.w.s.m.m.a.RequestMappingHandlerAdapter : Looking for @ControllerAdvice: org.springframework.web.context.support.GenericWebApplicationContext@74410e8d: startup date [Tue May 09 09:24:20 BST 2017]; root of context hierarchy
2017-05-09 09:24:23.438  WARN 11744 --- [    Test worker] .t.AbstractTemplateResolverConfiguration : Cannot find template location: classpath:/templates/ (please add some templates or check your Thymeleaf configuration)
2017-05-09 09:24:23.758  INFO 11744 --- [    Test worker] o.s.t.web.servlet.TestDispatcherServlet  : FrameworkServlet '': initialization completed in 1129 ms
2017-05-09 09:24:23.996  INFO 11744 --- [    Test worker] server.BlocksLearningControllerTest      : Started BlocksLearningControllerTest in 3.545 seconds (JVM running for 6.685)
]]></system-out>
  <system-err><![CDATA[]]></system-err>
</testsuite>
